<?xml version="1.0" encoding="UTF-8"?>
<!-- Generated by org.testng.reporters.JUnitXMLReporter -->
<testsuite ignored="0" hostname="DESKTOP-RGJMVDJ" failures="1" tests="1" name="Default test" time="25.628" errors="0" timestamp="10 Mar 2024 01:26:44 GMT">
  <testcase classname="cucumber.api.testng.AbstractTestNGCucumberTests" name="runScenario" time="24.969">
    <failure type="java.lang.NoSuchMethodError" message="&amp;apos;void org.openqa.selenium.support.ui.WebDriverWait.&amp;lt;init&amp;gt;(org.openqa.selenium.WebDriver, long)&amp;apos;">
      <![CDATA[java.lang.NoSuchMethodError: 'void org.openqa.selenium.support.ui.WebDriverWait.<init>(org.openqa.selenium.WebDriver, long)'
	at steps.ShopByCharacterSteps.user_mouse_over_to_shop_by_character_link(ShopByCharacterSteps.java:37)
	at ✽.user mouse over to shop by character link(src\test\java\features\shop.feature:6)
]]>
    </failure>
  </testcase> <!-- runScenario -->
</testsuite> <!-- Default test -->
