<?xml version="1.0" encoding="UTF-8"?>
<testng-results total="1" passed="1" failed="0" skipped="0">
  <reporter-output>
  </reporter-output>
  <suite started-at="2024-05-12T04:54:34Z" name="Condor Test Suite" finished-at="2024-05-12T04:54:50Z" duration-ms="16290">
    <groups>
    </groups>
    <test started-at="2024-05-12T04:54:34Z" name="Flight status and booking" finished-at="2024-05-12T04:54:50Z" duration-ms="16290">
      <class name="condorAirlinescli.AutoCompleteRevise">
        <test-method signature="autoCompleteTest()[pri:0, instance:condorAirlinescli.AutoCompleteRevise@3b94d659]" started-at="2024-05-12T10:24:34Z" name="autoCompleteTest" finished-at="2024-05-12T10:24:50Z" duration-ms="16257" status="PASS">
          <reporter-output>
          </reporter-output>
        </test-method> <!-- autoCompleteTest -->
      </class> <!-- condorAirlinescli.AutoCompleteRevise -->
    </test> <!-- Flight status and booking -->
  </suite> <!-- Condor Test Suite -->
</testng-results>
