<?xml version="1.0" encoding="UTF-8"?>
<testng-results ignored="0" total="1" passed="0" failed="1" skipped="0">
  <reporter-output>
  </reporter-output>
  <suite started-at="2024-03-10T01:26:18Z" name="Default suite" finished-at="2024-03-10T01:26:44Z" duration-ms="25628">
    <groups>
      <group name="cucumber">
        <method signature="AbstractTestNGCucumberTests.runScenario(cucumber.api.testng.PickleEventWrapper, cucumber.api.testng.CucumberFeatureWrapper)[pri:0, instance:testRunner.Runner@7c8c9a05]" name="runScenario" class="cucumber.api.testng.AbstractTestNGCucumberTests"/>
      </group> <!-- cucumber -->
    </groups>
    <test started-at="2024-03-10T01:26:18Z" name="Default test" finished-at="2024-03-10T01:26:44Z" duration-ms="25628">
      <class name="testRunner.Runner">
        <test-method is-config="true" signature="setUpClass()[pri:0, instance:testRunner.Runner@7c8c9a05]" started-at="2024-03-10T06:56:18Z" name="setUpClass" finished-at="2024-03-10T06:56:19Z" duration-ms="406" status="PASS">
          <reporter-output>
          </reporter-output>
        </test-method> <!-- setUpClass -->
        <test-method signature="runScenario(cucumber.api.testng.PickleEventWrapper, cucumber.api.testng.CucumberFeatureWrapper)[pri:0, instance:testRunner.Runner@7c8c9a05]" started-at="2024-03-10T06:56:19Z" name="runScenario" description="Runs Cucumber Scenarios" data-provider="scenarios" finished-at="2024-03-10T06:56:44Z" duration-ms="24969" status="FAIL">
          <params>
            <param index="0">
              <value>
                <![CDATA["Products displayed based on characters"]]>
              </value>
            </param>
            <param index="1">
              <value>
                <![CDATA["ToysRus application"]]>
              </value>
            </param>
          </params>
          <exception class="java.lang.NoSuchMethodError">
            <message>
              <![CDATA['void org.openqa.selenium.support.ui.WebDriverWait.<init>(org.openqa.selenium.WebDriver, long)']]>
            </message>
            <full-stacktrace>
              <![CDATA[java.lang.NoSuchMethodError: 'void org.openqa.selenium.support.ui.WebDriverWait.<init>(org.openqa.selenium.WebDriver, long)'
	at steps.ShopByCharacterSteps.user_mouse_over_to_shop_by_character_link(ShopByCharacterSteps.java:37)
	at ✽.user mouse over to shop by character link(src\test\java\features\shop.feature:6)
]]>
            </full-stacktrace>
          </exception> <!-- java.lang.NoSuchMethodError -->
          <reporter-output>
          </reporter-output>
        </test-method> <!-- runScenario -->
        <test-method is-config="true" signature="tearDownClass()[pri:0, instance:testRunner.Runner@7c8c9a05]" started-at="2024-03-10T06:56:44Z" name="tearDownClass" finished-at="2024-03-10T06:56:44Z" duration-ms="32" status="PASS">
          <reporter-output>
          </reporter-output>
        </test-method> <!-- tearDownClass -->
      </class> <!-- testRunner.Runner -->
    </test> <!-- Default test -->
  </suite> <!-- Default suite -->
</testng-results>
