<?xml version="1.0" encoding="UTF-8"?>
<!-- Generated by org.testng.reporters.JUnitReportReporter -->
<testsuite hostname="DESKTOP-RGJMVDJ" failures="0" tests="1" name="testRunner.Runner" time="24.969" errors="1" timestamp="10 Mar 2024 01:26:46 GMT" skipped="0">
  <testcase classname="testRunner.Runner" name="runScenario" time="24.969">
    <error message="&#039;void org.openqa.selenium.support.ui.WebDriverWait.&lt;init&gt;(org.openqa.selenium.WebDriver, long)&#039;" type="java.lang.NoSuchMethodError">
      <![CDATA[java.lang.NoSuchMethodError: 'void org.openqa.selenium.support.ui.WebDriverWait.<init>(org.openqa.selenium.WebDriver, long)'
	at steps.ShopByCharacterSteps.user_mouse_over_to_shop_by_character_link(ShopByCharacterSteps.java:37)
	at ✽.user mouse over to shop by character link(src\test\java\features\shop.feature:6)
]]>
    </error>
  </testcase> <!-- runScenario -->
</testsuite> <!-- testRunner.Runner -->
